[19-Feb-2021 00:35:09 UTC] WordPress database error Duplicate column name 'settings' for query ALTER TABLE wp_ninja_table_items ADD COLUMN `settings` LONGTEXT AFTER `value`; made by do_action('wp_ajax_ninja_tables_ajax_actions'), WP_Hook->do_action, WP_Hook->apply_filters, NinjaTablesAdmin->ajax_routes, NinjaTablesAdmin->getTableSettings, NinjaTablesAdmin->checkDBMigrations, NinjaTablesAdmin->migrateSettingColumnIfNeeded
[19-Feb-2021 00:35:09 UTC] WordPress database error Duplicate column name 'owner_id' for query ALTER TABLE wp_ninja_table_items ADD COLUMN `owner_id` int(11) AFTER `table_id`; made by do_action('wp_ajax_ninja_tables_ajax_actions'), WP_Hook->do_action, WP_Hook->apply_filters, NinjaTablesAdmin->ajax_routes, NinjaTablesAdmin->getTableSettings, NinjaTablesAdmin->checkDBMigrations, NinjaTablesAdmin->migrateOwnerColumnIfNeeded
[22-Feb-2021 18:19:33 UTC] PHP Warning:  An unexpected error occurred. Something may be wrong with WordPress.org or this server&#8217;s configuration. If you continue to have problems, please try the <a href="https://wordpress.org/support/forums/">support forums</a>. (WordPress could not establish a secure connection to WordPress.org. Please contact your server administrator.) in C:\Users\rodri\Local Sites\gestor-de-estoques\app\public\wp-admin\includes\translation-install.php on line 68
[22-Feb-2021 18:19:33 UTC] PHP Stack trace:
[22-Feb-2021 18:19:33 UTC] PHP   1. {main}() C:\Users\rodri\Local Sites\gestor-de-estoques\app\public\wp-admin\options-general.php:0
[22-Feb-2021 18:19:33 UTC] PHP   2. wp_get_available_translations() C:\Users\rodri\Local Sites\gestor-de-estoques\app\public\wp-admin\options-general.php:159
[22-Feb-2021 18:19:33 UTC] PHP   3. translations_api() C:\Users\rodri\Local Sites\gestor-de-estoques\app\public\wp-admin\includes\translation-install.php:133
[22-Feb-2021 18:19:33 UTC] PHP   4. trigger_error() C:\Users\rodri\Local Sites\gestor-de-estoques\app\public\wp-admin\includes\translation-install.php:68
[26-Feb-2021 00:21:45 UTC] PHP Warning:  dir(C:/Users/rodri/Local Sites/gestor-de-estoques/app/public/wp-content/upgrade/wpdatatables/wpdatatables/lib/phpoffice/phpspreadsheet/src/PhpSpreadsheet/Calculation/locale/pl/,C:/Users/rodri/Local Sites/gestor-de-estoques/app/public/wp-content/upgrade/wpdatatables/wpdatatables/lib/phpoffice/phpspreadsheet/src/PhpSpreadsheet/Calculation/locale/pl/): O sistema nï¿½o pode encontrar o caminho especificado. (code: 3) in C:\Users\rodri\Local Sites\gestor-de-estoques\app\public\wp-admin\includes\class-wp-filesystem-direct.php on line 613
[26-Feb-2021 00:21:45 UTC] PHP Stack trace:
[26-Feb-2021 00:21:45 UTC] PHP   1. {main}() C:\Users\rodri\Local Sites\gestor-de-estoques\app\public\wp-admin\update.php:0
[26-Feb-2021 00:21:45 UTC] PHP   2. Plugin_Upgrader->install() C:\Users\rodri\Local Sites\gestor-de-estoques\app\public\wp-admin\update.php:171
[26-Feb-2021 00:21:45 UTC] PHP   3. Plugin_Upgrader->run() C:\Users\rodri\Local Sites\gestor-de-estoques\app\public\wp-admin\includes\class-plugin-upgrader.php:137
[26-Feb-2021 00:21:45 UTC] PHP   4. Plugin_Upgrader->unpack_package() C:\Users\rodri\Local Sites\gestor-de-estoques\app\public\wp-admin\includes\class-wp-upgrader.php:779
[26-Feb-2021 00:21:45 UTC] PHP   5. WP_Filesystem_Direct->delete() C:\Users\rodri\Local Sites\gestor-de-estoques\app\public\wp-admin\includes\class-wp-upgrader.php:315
[26-Feb-2021 00:21:45 UTC] PHP   6. WP_Filesystem_Direct->delete() C:\Users\rodri\Local Sites\gestor-de-estoques\app\public\wp-admin\includes\class-wp-filesystem-direct.php:384
[26-Feb-2021 00:21:45 UTC] PHP   7. WP_Filesystem_Direct->delete() C:\Users\rodri\Local Sites\gestor-de-estoques\app\public\wp-admin\includes\class-wp-filesystem-direct.php:384
[26-Feb-2021 00:21:45 UTC] PHP   8. WP_Filesystem_Direct->delete() C:\Users\rodri\Local Sites\gestor-de-estoques\app\public\wp-admin\includes\class-wp-filesystem-direct.php:384
[26-Feb-2021 00:21:45 UTC] PHP   9. WP_Filesystem_Direct->delete() C:\Users\rodri\Local Sites\gestor-de-estoques\app\public\wp-admin\includes\class-wp-filesystem-direct.php:384
[26-Feb-2021 00:21:45 UTC] PHP  10. WP_Filesystem_Direct->delete() C:\Users\rodri\Local Sites\gestor-de-estoques\app\public\wp-admin\includes\class-wp-filesystem-direct.php:384
[26-Feb-2021 00:21:45 UTC] PHP  11. WP_Filesystem_Direct->delete() C:\Users\rodri\Local Sites\gestor-de-estoques\app\public\wp-admin\includes\class-wp-filesystem-direct.php:384
[26-Feb-2021 00:21:45 UTC] PHP  12. WP_Filesystem_Direct->delete() C:\Users\rodri\Local Sites\gestor-de-estoques\app\public\wp-admin\includes\class-wp-filesystem-direct.php:384
[26-Feb-2021 00:21:45 UTC] PHP  13. WP_Filesystem_Direct->delete() C:\Users\rodri\Local Sites\gestor-de-estoques\app\public\wp-admin\includes\class-wp-filesystem-direct.php:384
[26-Feb-2021 00:21:45 UTC] PHP  14. WP_Filesystem_Direct->delete() C:\Users\rodri\Local Sites\gestor-de-estoques\app\public\wp-admin\includes\class-wp-filesystem-direct.php:384
[26-Feb-2021 00:21:45 UTC] PHP  15. WP_Filesystem_Direct->dirlist() C:\Users\rodri\Local Sites\gestor-de-estoques\app\public\wp-admin\includes\class-wp-filesystem-direct.php:378
[26-Feb-2021 00:21:45 UTC] PHP  16. dir() C:\Users\rodri\Local Sites\gestor-de-estoques\app\public\wp-admin\includes\class-wp-filesystem-direct.php:613
[26-Feb-2021 00:21:45 UTC] PHP Warning:  dir(C:/Users/rodri/Local Sites/gestor-de-estoques/app/public/wp-content/upgrade/wpdatatables/wpdatatables/lib/phpoffice/phpspreadsheet/src/PhpSpreadsheet/Calculation/locale/pl/): failed to open dir: No such file or directory in C:\Users\rodri\Local Sites\gestor-de-estoques\app\public\wp-admin\includes\class-wp-filesystem-direct.php on line 613
[26-Feb-2021 00:21:45 UTC] PHP Stack trace:
[26-Feb-2021 00:21:45 UTC] PHP   1. {main}() C:\Users\rodri\Local Sites\gestor-de-estoques\app\public\wp-admin\update.php:0
[26-Feb-2021 00:21:45 UTC] PHP   2. Plugin_Upgrader->install() C:\Users\rodri\Local Sites\gestor-de-estoques\app\public\wp-admin\update.php:171
[26-Feb-2021 00:21:45 UTC] PHP   3. Plugin_Upgrader->run() C:\Users\rodri\Local Sites\gestor-de-estoques\app\public\wp-admin\includes\class-plugin-upgrader.php:137
[26-Feb-2021 00:21:45 UTC] PHP   4. Plugin_Upgrader->unpack_package() C:\Users\rodri\Local Sites\gestor-de-estoques\app\public\wp-admin\includes\class-wp-upgrader.php:779
[26-Feb-2021 00:21:45 UTC] PHP   5. WP_Filesystem_Direct->delete() C:\Users\rodri\Local Sites\gestor-de-estoques\app\public\wp-admin\includes\class-wp-upgrader.php:315
[26-Feb-2021 00:21:45 UTC] PHP   6. WP_Filesystem_Direct->delete() C:\Users\rodri\Local Sites\gestor-de-estoques\app\public\wp-admin\includes\class-wp-filesystem-direct.php:384
[26-Feb-2021 00:21:45 UTC] PHP   7. WP_Filesystem_Direct->delete() C:\Users\rodri\Local Sites\gestor-de-estoques\app\public\wp-admin\includes\class-wp-filesystem-direct.php:384
[26-Feb-2021 00:21:45 UTC] PHP   8. WP_Filesystem_Direct->delete() C:\Users\rodri\Local Sites\gestor-de-estoques\app\public\wp-admin\includes\class-wp-filesystem-direct.php:384
[26-Feb-2021 00:21:45 UTC] PHP   9. WP_Filesystem_Direct->delete() C:\Users\rodri\Local Sites\gestor-de-estoques\app\public\wp-admin\includes\class-wp-filesystem-direct.php:384
[26-Feb-2021 00:21:45 UTC] PHP  10. WP_Filesystem_Direct->delete() C:\Users\rodri\Local Sites\gestor-de-estoques\app\public\wp-admin\includes\class-wp-filesystem-direct.php:384
[26-Feb-2021 00:21:45 UTC] PHP  11. WP_Filesystem_Direct->delete() C:\Users\rodri\Local Sites\gestor-de-estoques\app\public\wp-admin\includes\class-wp-filesystem-direct.php:384
[26-Feb-2021 00:21:45 UTC] PHP  12. WP_Filesystem_Direct->delete() C:\Users\rodri\Local Sites\gestor-de-estoques\app\public\wp-admin\includes\class-wp-filesystem-direct.php:384
[26-Feb-2021 00:21:45 UTC] PHP  13. WP_Filesystem_Direct->delete() C:\Users\rodri\Local Sites\gestor-de-estoques\app\public\wp-admin\includes\class-wp-filesystem-direct.php:384
[26-Feb-2021 00:21:45 UTC] PHP  14. WP_Filesystem_Direct->delete() C:\Users\rodri\Local Sites\gestor-de-estoques\app\public\wp-admin\includes\class-wp-filesystem-direct.php:384
[26-Feb-2021 00:21:45 UTC] PHP  15. WP_Filesystem_Direct->dirlist() C:\Users\rodri\Local Sites\gestor-de-estoques\app\public\wp-admin\includes\class-wp-filesystem-direct.php:378
[26-Feb-2021 00:21:45 UTC] PHP  16. dir() C:\Users\rodri\Local Sites\gestor-de-estoques\app\public\wp-admin\includes\class-wp-filesystem-direct.php:613
[26-Feb-2021 00:21:45 UTC] PHP Warning:  dir(C:/Users/rodri/Local Sites/gestor-de-estoques/app/public/wp-content/upgrade/wpdatatables/wpdatatables/lib/phpoffice/phpspreadsheet/src/PhpSpreadsheet/Calculation/Token/,C:/Users/rodri/Local Sites/gestor-de-estoques/app/public/wp-content/upgrade/wpdatatables/wpdatatables/lib/phpoffice/phpspreadsheet/src/PhpSpreadsheet/Calculation/Token/): O sistema nï¿½o pode encontrar o caminho especificado. (code: 3) in C:\Users\rodri\Local Sites\gestor-de-estoques\app\public\wp-admin\includes\class-wp-filesystem-direct.php on line 613
[26-Feb-2021 00:21:45 UTC] PHP Stack trace:
[26-Feb-2021 00:21:45 UTC] PHP   1. {main}() C:\Users\rodri\Local Sites\gestor-de-estoques\app\public\wp-admin\update.php:0
[26-Feb-2021 00:21:45 UTC] PHP   2. Plugin_Upgrader->install() C:\Users\rodri\Local Sites\gestor-de-estoques\app\public\wp-admin\update.php:171
[26-Feb-2021 00:21:45 UTC] PHP   3. Plugin_Upgrader->run() C:\Users\rodri\Local Sites\gestor-de-estoques\app\public\wp-admin\includes\class-plugin-upgrader.php:137
[26-Feb-2021 00:21:45 UTC] PHP   4. Plugin_Upgrader->install_package() C:\Users\rodri\Local Sites\gestor-de-estoques\app\public\wp-admin\includes\class-wp-upgrader.php:797
[26-Feb-2021 00:21:45 UTC] PHP   5. WP_Filesystem_Direct->delete() C:\Users\rodri\Local Sites\gestor-de-estoques\app\public\wp-admin\includes\class-wp-upgrader.php:605
[26-Feb-2021 00:21:45 UTC] PHP   6. WP_Filesystem_Direct->delete() C:\Users\rodri\Local Sites\gestor-de-estoques\app\public\wp-admin\includes\class-wp-filesystem-direct.php:384
[26-Feb-2021 00:21:45 UTC] PHP   7. WP_Filesystem_Direct->delete() C:\Users\rodri\Local Sites\gestor-de-estoques\app\public\wp-admin\includes\class-wp-filesystem-direct.php:384
[26-Feb-2021 00:21:45 UTC] PHP   8. WP_Filesystem_Direct->delete() C:\Users\rodri\Local Sites\gestor-de-estoques\app\public\wp-admin\includes\class-wp-filesystem-direct.php:384
[26-Feb-2021 00:21:45 UTC] PHP   9. WP_Filesystem_Direct->delete() C:\Users\rodri\Local Sites\gestor-de-estoques\app\public\wp-admin\includes\class-wp-filesystem-direct.php:384
[26-Feb-2021 00:21:45 UTC] PHP  10. WP_Filesystem_Direct->delete() C:\Users\rodri\Local Sites\gestor-de-estoques\app\public\wp-admin\includes\class-wp-filesystem-direct.php:384
[26-Feb-2021 00:21:45 UTC] PHP  11. WP_Filesystem_Direct->delete() C:\Users\rodri\Local Sites\gestor-de-estoques\app\public\wp-admin\includes\class-wp-filesystem-direct.php:384
[26-Feb-2021 00:21:45 UTC] PHP  12. WP_Filesystem_Direct->delete() C:\Users\rodri\Local Sites\gestor-de-estoques\app\public\wp-admin\includes\class-wp-filesystem-direct.php:384
[26-Feb-2021 00:21:45 UTC] PHP  13. WP_Filesystem_Direct->delete() C:\Users\rodri\Local Sites\gestor-de-estoques\app\public\wp-admin\includes\class-wp-filesystem-direct.php:384
[26-Feb-2021 00:21:45 UTC] PHP  14. WP_Filesystem_Direct->dirlist() C:\Users\rodri\Local Sites\gestor-de-estoques\app\public\wp-admin\includes\class-wp-filesystem-direct.php:378
[26-Feb-2021 00:21:45 UTC] PHP  15. dir() C:\Users\rodri\Local Sites\gestor-de-estoques\app\public\wp-admin\includes\class-wp-filesystem-direct.php:613
[26-Feb-2021 00:21:45 UTC] PHP Warning:  dir(C:/Users/rodri/Local Sites/gestor-de-estoques/app/public/wp-content/upgrade/wpdatatables/wpdatatables/lib/phpoffice/phpspreadsheet/src/PhpSpreadsheet/Calculation/Token/): failed to open dir: No such file or directory in C:\Users\rodri\Local Sites\gestor-de-estoques\app\public\wp-admin\includes\class-wp-filesystem-direct.php on line 613
[26-Feb-2021 00:21:45 UTC] PHP Stack trace:
[26-Feb-2021 00:21:45 UTC] PHP   1. {main}() C:\Users\rodri\Local Sites\gestor-de-estoques\app\public\wp-admin\update.php:0
[26-Feb-2021 00:21:45 UTC] PHP   2. Plugin_Upgrader->install() C:\Users\rodri\Local Sites\gestor-de-estoques\app\public\wp-admin\update.php:171
[26-Feb-2021 00:21:45 UTC] PHP   3. Plugin_Upgrader->run() C:\Users\rodri\Local Sites\gestor-de-estoques\app\public\wp-admin\includes\class-plugin-upgrader.php:137
[26-Feb-2021 00:21:45 UTC] PHP   4. Plugin_Upgrader->install_package() C:\Users\rodri\Local Sites\gestor-de-estoques\app\public\wp-admin\includes\class-wp-upgrader.php:797
[26-Feb-2021 00:21:45 UTC] PHP   5. WP_Filesystem_Direct->delete() C:\Users\rodri\Local Sites\gestor-de-estoques\app\public\wp-admin\includes\class-wp-upgrader.php:605
[26-Feb-2021 00:21:45 UTC] PHP   6. WP_Filesystem_Direct->delete() C:\Users\rodri\Local Sites\gestor-de-estoques\app\public\wp-admin\includes\class-wp-filesystem-direct.php:384
[26-Feb-2021 00:21:45 UTC] PHP   7. WP_Filesystem_Direct->delete() C:\Users\rodri\Local Sites\gestor-de-estoques\app\public\wp-admin\includes\class-wp-filesystem-direct.php:384
[26-Feb-2021 00:21:45 UTC] PHP   8. WP_Filesystem_Direct->delete() C:\Users\rodri\Local Sites\gestor-de-estoques\app\public\wp-admin\includes\class-wp-filesystem-direct.php:384
[26-Feb-2021 00:21:45 UTC] PHP   9. WP_Filesystem_Direct->delete() C:\Users\rodri\Local Sites\gestor-de-estoques\app\public\wp-admin\includes\class-wp-filesystem-direct.php:384
[26-Feb-2021 00:21:45 UTC] PHP  10. WP_Filesystem_Direct->delete() C:\Users\rodri\Local Sites\gestor-de-estoques\app\public\wp-admin\includes\class-wp-filesystem-direct.php:384
[26-Feb-2021 00:21:45 UTC] PHP  11. WP_Filesystem_Direct->delete() C:\Users\rodri\Local Sites\gestor-de-estoques\app\public\wp-admin\includes\class-wp-filesystem-direct.php:384
[26-Feb-2021 00:21:45 UTC] PHP  12. WP_Filesystem_Direct->delete() C:\Users\rodri\Local Sites\gestor-de-estoques\app\public\wp-admin\includes\class-wp-filesystem-direct.php:384
[26-Feb-2021 00:21:45 UTC] PHP  13. WP_Filesystem_Direct->delete() C:\Users\rodri\Local Sites\gestor-de-estoques\app\public\wp-admin\includes\class-wp-filesystem-direct.php:384
[26-Feb-2021 00:21:45 UTC] PHP  14. WP_Filesystem_Direct->dirlist() C:\Users\rodri\Local Sites\gestor-de-estoques\app\public\wp-admin\includes\class-wp-filesystem-direct.php:378
[26-Feb-2021 00:21:45 UTC] PHP  15. dir() C:\Users\rodri\Local Sites\gestor-de-estoques\app\public\wp-admin\includes\class-wp-filesystem-direct.php:613
[26-Feb-2021 00:21:59 UTC] PHP Warning:  dir(C:/Users/rodri/Local Sites/gestor-de-estoques/app/public/wp-content/upgrade/wpdatatables-1/wpdatatables/lib/phpoffice/phpspreadsheet/.github/,C:/Users/rodri/Local Sites/gestor-de-estoques/app/public/wp-content/upgrade/wpdatatables-1/wpdatatables/lib/phpoffice/phpspreadsheet/.github/): Acesso negado. (code: 5) in C:\Users\rodri\Local Sites\gestor-de-estoques\app\public\wp-admin\includes\class-wp-filesystem-direct.php on line 613
[26-Feb-2021 00:21:59 UTC] PHP Stack trace:
[26-Feb-2021 00:21:59 UTC] PHP   1. {main}() C:\Users\rodri\Local Sites\gestor-de-estoques\app\public\wp-admin\update.php:0
[26-Feb-2021 00:21:59 UTC] PHP   2. Plugin_Upgrader->install() C:\Users\rodri\Local Sites\gestor-de-estoques\app\public\wp-admin\update.php:171
[26-Feb-2021 00:21:59 UTC] PHP   3. Plugin_Upgrader->run() C:\Users\rodri\Local Sites\gestor-de-estoques\app\public\wp-admin\includes\class-plugin-upgrader.php:137
[26-Feb-2021 00:21:59 UTC] PHP   4. Plugin_Upgrader->unpack_package() C:\Users\rodri\Local Sites\gestor-de-estoques\app\public\wp-admin\includes\class-wp-upgrader.php:779
[26-Feb-2021 00:21:59 UTC] PHP   5. WP_Filesystem_Direct->delete() C:\Users\rodri\Local Sites\gestor-de-estoques\app\public\wp-admin\includes\class-wp-upgrader.php:315
[26-Feb-2021 00:21:59 UTC] PHP   6. WP_Filesystem_Direct->delete() C:\Users\rodri\Local Sites\gestor-de-estoques\app\public\wp-admin\includes\class-wp-filesystem-direct.php:384
[26-Feb-2021 00:21:59 UTC] PHP   7. WP_Filesystem_Direct->delete() C:\Users\rodri\Local Sites\gestor-de-estoques\app\public\wp-admin\includes\class-wp-filesystem-direct.php:384
[26-Feb-2021 00:21:59 UTC] PHP   8. WP_Filesystem_Direct->delete() C:\Users\rodri\Local Sites\gestor-de-estoques\app\public\wp-admin\includes\class-wp-filesystem-direct.php:384
[26-Feb-2021 00:21:59 UTC] PHP   9. WP_Filesystem_Direct->delete() C:\Users\rodri\Local Sites\gestor-de-estoques\app\public\wp-admin\includes\class-wp-filesystem-direct.php:384
[26-Feb-2021 00:21:59 UTC] PHP  10. WP_Filesystem_Direct->delete() C:\Users\rodri\Local Sites\gestor-de-estoques\app\public\wp-admin\includes\class-wp-filesystem-direct.php:384
[26-Feb-2021 00:21:59 UTC] PHP  11. WP_Filesystem_Direct->dirlist() C:\Users\rodri\Local Sites\gestor-de-estoques\app\public\wp-admin\includes\class-wp-filesystem-direct.php:378
[26-Feb-2021 00:21:59 UTC] PHP  12. dir() C:\Users\rodri\Local Sites\gestor-de-estoques\app\public\wp-admin\includes\class-wp-filesystem-direct.php:613
[26-Feb-2021 00:21:59 UTC] PHP Warning:  dir(C:/Users/rodri/Local Sites/gestor-de-estoques/app/public/wp-content/upgrade/wpdatatables-1/wpdatatables/lib/phpoffice/phpspreadsheet/.github/): failed to open dir: No error in C:\Users\rodri\Local Sites\gestor-de-estoques\app\public\wp-admin\includes\class-wp-filesystem-direct.php on line 613
[26-Feb-2021 00:21:59 UTC] PHP Stack trace:
[26-Feb-2021 00:21:59 UTC] PHP   1. {main}() C:\Users\rodri\Local Sites\gestor-de-estoques\app\public\wp-admin\update.php:0
[26-Feb-2021 00:21:59 UTC] PHP   2. Plugin_Upgrader->install() C:\Users\rodri\Local Sites\gestor-de-estoques\app\public\wp-admin\update.php:171
[26-Feb-2021 00:21:59 UTC] PHP   3. Plugin_Upgrader->run() C:\Users\rodri\Local Sites\gestor-de-estoques\app\public\wp-admin\includes\class-plugin-upgrader.php:137
[26-Feb-2021 00:21:59 UTC] PHP   4. Plugin_Upgrader->unpack_package() C:\Users\rodri\Local Sites\gestor-de-estoques\app\public\wp-admin\includes\class-wp-upgrader.php:779
[26-Feb-2021 00:21:59 UTC] PHP   5. WP_Filesystem_Direct->delete() C:\Users\rodri\Local Sites\gestor-de-estoques\app\public\wp-admin\includes\class-wp-upgrader.php:315
[26-Feb-2021 00:21:59 UTC] PHP   6. WP_Filesystem_Direct->delete() C:\Users\rodri\Local Sites\gestor-de-estoques\app\public\wp-admin\includes\class-wp-filesystem-direct.php:384
[26-Feb-2021 00:21:59 UTC] PHP   7. WP_Filesystem_Direct->delete() C:\Users\rodri\Local Sites\gestor-de-estoques\app\public\wp-admin\includes\class-wp-filesystem-direct.php:384
[26-Feb-2021 00:21:59 UTC] PHP   8. WP_Filesystem_Direct->delete() C:\Users\rodri\Local Sites\gestor-de-estoques\app\public\wp-admin\includes\class-wp-filesystem-direct.php:384
[26-Feb-2021 00:21:59 UTC] PHP   9. WP_Filesystem_Direct->delete() C:\Users\rodri\Local Sites\gestor-de-estoques\app\public\wp-admin\includes\class-wp-filesystem-direct.php:384
[26-Feb-2021 00:21:59 UTC] PHP  10. WP_Filesystem_Direct->delete() C:\Users\rodri\Local Sites\gestor-de-estoques\app\public\wp-admin\includes\class-wp-filesystem-direct.php:384
[26-Feb-2021 00:21:59 UTC] PHP  11. WP_Filesystem_Direct->dirlist() C:\Users\rodri\Local Sites\gestor-de-estoques\app\public\wp-admin\includes\class-wp-filesystem-direct.php:378
[26-Feb-2021 00:21:59 UTC] PHP  12. dir() C:\Users\rodri\Local Sites\gestor-de-estoques\app\public\wp-admin\includes\class-wp-filesystem-direct.php:613
[26-Feb-2021 12:19:14 UTC] WordPress database error Table 'local.wp_fluentform_transactions' doesn't exist for query DESC wp_fluentform_transactions made by activate_plugin, do_action('activate_fluentformpro/fluentformpro.php'), WP_Hook->do_action, WP_Hook->apply_filters, {closure}, FluentFormPro\Payments\Migrations\Migration::run, FluentFormPro\Payments\Migrations\Migration::migrate, FluentFormPro\Payments\Migrations\Transactions::migrate
[09-Mar-2021 02:52:23 UTC] PHP Warning:  Failed loading Zend extension 'php_opcache.dll' (tried: C:/Program Files (x86)/Local/resources/extraResources/lightning-services/php-7.3.5+9/bin/win64/ext\php_opcache.dll (Não foi possível encontrar o módulo especificado.), C:/Program Files (x86)/Local/resources/extraResources/lightning-services/php-7.3.5+9/bin/win64/ext\php_php_opcache.dll.dll (Não foi possível encontrar o módulo especificado.)) in Unknown on line 0
[09-Mar-2021 02:52:23 UTC] PHP Warning:  Failed loading Zend extension 'php_opcache.dll' (tried: C:/Program Files (x86)/Local/resources/extraResources/lightning-services/php-7.3.5+9/bin/win64/ext\php_opcache.dll (Não foi possível encontrar o módulo especificado.), C:/Program Files (x86)/Local/resources/extraResources/lightning-services/php-7.3.5+9/bin/win64/ext\php_php_opcache.dll.dll (Não foi possível encontrar o módulo especificado.)) in Unknown on line 0
[09-Mar-2021 02:52:23 UTC] PHP Warning:  Failed loading Zend extension 'php_xdebug.dll' (tried: C:/Program Files (x86)/Local/resources/extraResources/lightning-services/php-7.3.5+9/bin/win64/ext\php_xdebug.dll (Não foi possível encontrar o módulo especificado.), C:/Program Files (x86)/Local/resources/extraResources/lightning-services/php-7.3.5+9/bin/win64/ext\php_php_xdebug.dll.dll (Não foi possível encontrar o módulo especificado.)) in Unknown on line 0
[09-Mar-2021 02:52:23 UTC] PHP Warning:  Failed loading Zend extension 'php_xdebug.dll' (tried: C:/Program Files (x86)/Local/resources/extraResources/lightning-services/php-7.3.5+9/bin/win64/ext\php_xdebug.dll (Não foi possível encontrar o módulo especificado.), C:/Program Files (x86)/Local/resources/extraResources/lightning-services/php-7.3.5+9/bin/win64/ext\php_php_xdebug.dll.dll (Não foi possível encontrar o módulo especificado.)) in Unknown on line 0
[09-Mar-2021 02:52:23 UTC] PHP Warning:  PHP Startup: Unable to load dynamic library 'php_curl.dll' (tried: C:/Program Files (x86)/Local/resources/extraResources/lightning-services/php-7.3.5+9/bin/win64/ext\php_curl.dll (Não foi possível encontrar o módulo especificado.), C:/Program Files (x86)/Local/resources/extraResources/lightning-services/php-7.3.5+9/bin/win64/ext\php_php_curl.dll.dll (Não foi possível encontrar o módulo especificado.)) in Unknown on line 0
[09-Mar-2021 02:52:23 UTC] PHP Warning:  PHP Startup: Unable to load dynamic library 'php_curl.dll' (tried: C:/Program Files (x86)/Local/resources/extraResources/lightning-services/php-7.3.5+9/bin/win64/ext\php_curl.dll (Não foi possível encontrar o módulo especificado.), C:/Program Files (x86)/Local/resources/extraResources/lightning-services/php-7.3.5+9/bin/win64/ext\php_php_curl.dll.dll (Não foi possível encontrar o módulo especificado.)) in Unknown on line 0
[09-Mar-2021 02:52:23 UTC] PHP Warning:  PHP Startup: Unable to load dynamic library 'php_gettext.dll' (tried: C:/Program Files (x86)/Local/resources/extraResources/lightning-services/php-7.3.5+9/bin/win64/ext\php_gettext.dll (Não foi possível encontrar o módulo especificado.), C:/Program Files (x86)/Local/resources/extraResources/lightning-services/php-7.3.5+9/bin/win64/ext\php_php_gettext.dll.dll (Não foi possível encontrar o módulo especificado.)) in Unknown on line 0
[09-Mar-2021 02:52:23 UTC] PHP Warning:  PHP Startup: Unable to load dynamic library 'php_gettext.dll' (tried: C:/Program Files (x86)/Local/resources/extraResources/lightning-services/php-7.3.5+9/bin/win64/ext\php_gettext.dll (Não foi possível encontrar o módulo especificado.), C:/Program Files (x86)/Local/resources/extraResources/lightning-services/php-7.3.5+9/bin/win64/ext\php_php_gettext.dll.dll (Não foi possível encontrar o módulo especificado.)) in Unknown on line 0
[09-Mar-2021 02:52:23 UTC] PHP Warning:  PHP Startup: Unable to load dynamic library 'php_openssl.dll' (tried: C:/Program Files (x86)/Local/resources/extraResources/lightning-services/php-7.3.5+9/bin/win64/ext\php_openssl.dll (Não foi possível encontrar o módulo especificado.), C:/Program Files (x86)/Local/resources/extraResources/lightning-services/php-7.3.5+9/bin/win64/ext\php_php_openssl.dll.dll (Não foi possível encontrar o módulo especificado.)) in Unknown on line 0
[09-Mar-2021 02:52:23 UTC] PHP Warning:  PHP Startup: Unable to load dynamic library 'php_openssl.dll' (tried: C:/Program Files (x86)/Local/resources/extraResources/lightning-services/php-7.3.5+9/bin/win64/ext\php_openssl.dll (Não foi possível encontrar o módulo especificado.), C:/Program Files (x86)/Local/resources/extraResources/lightning-services/php-7.3.5+9/bin/win64/ext\php_php_openssl.dll.dll (Não foi possível encontrar o módulo especificado.)) in Unknown on line 0
[09-Mar-2021 02:52:23 UTC] PHP Warning:  PHP Startup: Unable to load dynamic library 'php_exif.dll' (tried: C:/Program Files (x86)/Local/resources/extraResources/lightning-services/php-7.3.5+9/bin/win64/ext\php_exif.dll (Não foi possível encontrar o módulo especificado.), C:/Program Files (x86)/Local/resources/extraResources/lightning-services/php-7.3.5+9/bin/win64/ext\php_php_exif.dll.dll (Não foi possível encontrar o módulo especificado.)) in Unknown on line 0
[09-Mar-2021 02:52:23 UTC] PHP Warning:  PHP Startup: Unable to load dynamic library 'php_exif.dll' (tried: C:/Program Files (x86)/Local/resources/extraResources/lightning-services/php-7.3.5+9/bin/win64/ext\php_exif.dll (Não foi possível encontrar o módulo especificado.), C:/Program Files (x86)/Local/resources/extraResources/lightning-services/php-7.3.5+9/bin/win64/ext\php_php_exif.dll.dll (Não foi possível encontrar o módulo especificado.)) in Unknown on line 0
[09-Mar-2021 02:52:23 UTC] PHP Warning:  PHP Startup: Unable to load dynamic library 'php_gd2.dll' (tried: C:/Program Files (x86)/Local/resources/extraResources/lightning-services/php-7.3.5+9/bin/win64/ext\php_gd2.dll (Não foi possível encontrar o módulo especificado.), C:/Program Files (x86)/Local/resources/extraResources/lightning-services/php-7.3.5+9/bin/win64/ext\php_php_gd2.dll.dll (Não foi possível encontrar o módulo especificado.)) in Unknown on line 0
[09-Mar-2021 02:52:23 UTC] PHP Warning:  PHP Startup: Unable to load dynamic library 'php_gd2.dll' (tried: C:/Program Files (x86)/Local/resources/extraResources/lightning-services/php-7.3.5+9/bin/win64/ext\php_gd2.dll (Não foi possível encontrar o módulo especificado.), C:/Program Files (x86)/Local/resources/extraResources/lightning-services/php-7.3.5+9/bin/win64/ext\php_php_gd2.dll.dll (Não foi possível encontrar o módulo especificado.)) in Unknown on line 0
[09-Mar-2021 02:52:23 UTC] PHP Warning:  PHP Startup: Unable to load dynamic library 'php_ftp.dll' (tried: C:/Program Files (x86)/Local/resources/extraResources/lightning-services/php-7.3.5+9/bin/win64/ext\php_ftp.dll (Não foi possível encontrar o módulo especificado.), C:/Program Files (x86)/Local/resources/extraResources/lightning-services/php-7.3.5+9/bin/win64/ext\php_php_ftp.dll.dll (Não foi possível encontrar o módulo especificado.)) in Unknown on line 0
[09-Mar-2021 02:52:23 UTC] PHP Warning:  PHP Startup: Unable to load dynamic library 'php_ftp.dll' (tried: C:/Program Files (x86)/Local/resources/extraResources/lightning-services/php-7.3.5+9/bin/win64/ext\php_ftp.dll (Não foi possível encontrar o módulo especificado.), C:/Program Files (x86)/Local/resources/extraResources/lightning-services/php-7.3.5+9/bin/win64/ext\php_php_ftp.dll.dll (Não foi possível encontrar o módulo especificado.)) in Unknown on line 0
[09-Mar-2021 02:52:23 UTC] PHP Warning:  PHP Startup: Unable to load dynamic library 'php_imap.dll' (tried: C:/Program Files (x86)/Local/resources/extraResources/lightning-services/php-7.3.5+9/bin/win64/ext\php_imap.dll (Não foi possível encontrar o módulo especificado.), C:/Program Files (x86)/Local/resources/extraResources/lightning-services/php-7.3.5+9/bin/win64/ext\php_php_imap.dll.dll (Não foi possível encontrar o módulo especificado.)) in Unknown on line 0
[09-Mar-2021 02:52:23 UTC] PHP Warning:  PHP Startup: Unable to load dynamic library 'php_imap.dll' (tried: C:/Program Files (x86)/Local/resources/extraResources/lightning-services/php-7.3.5+9/bin/win64/ext\php_imap.dll (Não foi possível encontrar o módulo especificado.), C:/Program Files (x86)/Local/resources/extraResources/lightning-services/php-7.3.5+9/bin/win64/ext\php_php_imap.dll.dll (Não foi possível encontrar o módulo especificado.)) in Unknown on line 0
[09-Mar-2021 02:52:23 UTC] PHP Warning:  PHP Startup: Unable to load dynamic library 'php_bz2.dll' (tried: C:/Program Files (x86)/Local/resources/extraResources/lightning-services/php-7.3.5+9/bin/win64/ext\php_bz2.dll (Não foi possível encontrar o módulo especificado.), C:/Program Files (x86)/Local/resources/extraResources/lightning-services/php-7.3.5+9/bin/win64/ext\php_php_bz2.dll.dll (Não foi possível encontrar o módulo especificado.)) in Unknown on line 0
[09-Mar-2021 02:52:23 UTC] PHP Warning:  PHP Startup: Unable to load dynamic library 'php_bz2.dll' (tried: C:/Program Files (x86)/Local/resources/extraResources/lightning-services/php-7.3.5+9/bin/win64/ext\php_bz2.dll (Não foi possível encontrar o módulo especificado.), C:/Program Files (x86)/Local/resources/extraResources/lightning-services/php-7.3.5+9/bin/win64/ext\php_php_bz2.dll.dll (Não foi possível encontrar o módulo especificado.)) in Unknown on line 0
[09-Mar-2021 02:52:23 UTC] PHP Warning:  PHP Startup: Unable to load dynamic library 'php_mbstring.dll' (tried: C:/Program Files (x86)/Local/resources/extraResources/lightning-services/php-7.3.5+9/bin/win64/ext\php_mbstring.dll (Não foi possível encontrar o módulo especificado.), C:/Program Files (x86)/Local/resources/extraResources/lightning-services/php-7.3.5+9/bin/win64/ext\php_php_mbstring.dll.dll (Não foi possível encontrar o módulo especificado.)) in Unknown on line 0
[09-Mar-2021 02:52:23 UTC] PHP Warning:  PHP Startup: Unable to load dynamic library 'php_mbstring.dll' (tried: C:/Program Files (x86)/Local/resources/extraResources/lightning-services/php-7.3.5+9/bin/win64/ext\php_mbstring.dll (Não foi possível encontrar o módulo especificado.), C:/Program Files (x86)/Local/resources/extraResources/lightning-services/php-7.3.5+9/bin/win64/ext\php_php_mbstring.dll.dll (Não foi possível encontrar o módulo especificado.)) in Unknown on line 0
[09-Mar-2021 02:52:23 UTC] PHP Warning:  PHP Startup: Unable to load dynamic library 'php_sodium.dll' (tried: C:/Program Files (x86)/Local/resources/extraResources/lightning-services/php-7.3.5+9/bin/win64/ext\php_sodium.dll (Não foi possível encontrar o módulo especificado.), C:/Program Files (x86)/Local/resources/extraResources/lightning-services/php-7.3.5+9/bin/win64/ext\php_php_sodium.dll.dll (Não foi possível encontrar o módulo especificado.)) in Unknown on line 0
[09-Mar-2021 02:52:23 UTC] PHP Warning:  PHP Startup: Unable to load dynamic library 'php_sodium.dll' (tried: C:/Program Files (x86)/Local/resources/extraResources/lightning-services/php-7.3.5+9/bin/win64/ext\php_sodium.dll (Não foi possível encontrar o módulo especificado.), C:/Program Files (x86)/Local/resources/extraResources/lightning-services/php-7.3.5+9/bin/win64/ext\php_php_sodium.dll.dll (Não foi possível encontrar o módulo especificado.)) in Unknown on line 0
[09-Mar-2021 02:52:23 UTC] PHP Warning:  PHP Startup: Unable to load dynamic library 'php_tidy.dll' (tried: C:/Program Files (x86)/Local/resources/extraResources/lightning-services/php-7.3.5+9/bin/win64/ext\php_tidy.dll (Não foi possível encontrar o módulo especificado.), C:/Program Files (x86)/Local/resources/extraResources/lightning-services/php-7.3.5+9/bin/win64/ext\php_php_tidy.dll.dll (Não foi possível encontrar o módulo especificado.)) in Unknown on line 0
[09-Mar-2021 02:52:23 UTC] PHP Warning:  PHP Startup: Unable to load dynamic library 'php_tidy.dll' (tried: C:/Program Files (x86)/Local/resources/extraResources/lightning-services/php-7.3.5+9/bin/win64/ext\php_tidy.dll (Não foi possível encontrar o módulo especificado.), C:/Program Files (x86)/Local/resources/extraResources/lightning-services/php-7.3.5+9/bin/win64/ext\php_php_tidy.dll.dll (Não foi possível encontrar o módulo especificado.)) in Unknown on line 0
[09-Mar-2021 02:52:23 UTC] PHP Warning:  PHP Startup: Unable to load dynamic library 'php_xsl.dll' (tried: C:/Program Files (x86)/Local/resources/extraResources/lightning-services/php-7.3.5+9/bin/win64/ext\php_xsl.dll (Não foi possível encontrar o módulo especificado.), C:/Program Files (x86)/Local/resources/extraResources/lightning-services/php-7.3.5+9/bin/win64/ext\php_php_xsl.dll.dll (Não foi possível encontrar o módulo especificado.)) in Unknown on line 0
[09-Mar-2021 02:52:23 UTC] PHP Warning:  PHP Startup: Unable to load dynamic library 'php_xsl.dll' (tried: C:/Program Files (x86)/Local/resources/extraResources/lightning-services/php-7.3.5+9/bin/win64/ext\php_xsl.dll (Não foi possível encontrar o módulo especificado.), C:/Program Files (x86)/Local/resources/extraResources/lightning-services/php-7.3.5+9/bin/win64/ext\php_php_xsl.dll.dll (Não foi possível encontrar o módulo especificado.)) in Unknown on line 0
[09-Mar-2021 02:52:23 UTC] PHP Warning:  PHP Startup: Unable to load dynamic library 'php_xmlrpc.dll' (tried: C:/Program Files (x86)/Local/resources/extraResources/lightning-services/php-7.3.5+9/bin/win64/ext\php_xmlrpc.dll (Não foi possível encontrar o módulo especificado.), C:/Program Files (x86)/Local/resources/extraResources/lightning-services/php-7.3.5+9/bin/win64/ext\php_php_xmlrpc.dll.dll (Não foi possível encontrar o módulo especificado.)) in Unknown on line 0
[09-Mar-2021 02:52:23 UTC] PHP Warning:  PHP Startup: Unable to load dynamic library 'php_xmlrpc.dll' (tried: C:/Program Files (x86)/Local/resources/extraResources/lightning-services/php-7.3.5+9/bin/win64/ext\php_xmlrpc.dll (Não foi possível encontrar o módulo especificado.), C:/Program Files (x86)/Local/resources/extraResources/lightning-services/php-7.3.5+9/bin/win64/ext\php_php_xmlrpc.dll.dll (Não foi possível encontrar o módulo especificado.)) in Unknown on line 0
[09-Mar-2021 02:52:23 UTC] PHP Warning:  PHP Startup: Unable to load dynamic library 'php_soap.dll' (tried: C:/Program Files (x86)/Local/resources/extraResources/lightning-services/php-7.3.5+9/bin/win64/ext\php_soap.dll (Não foi possível encontrar o módulo especificado.), C:/Program Files (x86)/Local/resources/extraResources/lightning-services/php-7.3.5+9/bin/win64/ext\php_php_soap.dll.dll (Não foi possível encontrar o módulo especificado.)) in Unknown on line 0
[09-Mar-2021 02:52:23 UTC] PHP Warning:  PHP Startup: Unable to load dynamic library 'php_soap.dll' (tried: C:/Program Files (x86)/Local/resources/extraResources/lightning-services/php-7.3.5+9/bin/win64/ext\php_soap.dll (Não foi possível encontrar o módulo especificado.), C:/Program Files (x86)/Local/resources/extraResources/lightning-services/php-7.3.5+9/bin/win64/ext\php_php_soap.dll.dll (Não foi possível encontrar o módulo especificado.)) in Unknown on line 0
[09-Mar-2021 02:52:23 UTC] PHP Warning:  PHP Startup: Unable to load dynamic library 'php_mysqli.dll' (tried: C:/Program Files (x86)/Local/resources/extraResources/lightning-services/php-7.3.5+9/bin/win64/ext\php_mysqli.dll (Não foi possível encontrar o módulo especificado.), C:/Program Files (x86)/Local/resources/extraResources/lightning-services/php-7.3.5+9/bin/win64/ext\php_php_mysqli.dll.dll (Não foi possível encontrar o módulo especificado.)) in Unknown on line 0
[09-Mar-2021 02:52:23 UTC] PHP Warning:  PHP Startup: Unable to load dynamic library 'php_mysqli.dll' (tried: C:/Program Files (x86)/Local/resources/extraResources/lightning-services/php-7.3.5+9/bin/win64/ext\php_mysqli.dll (Não foi possível encontrar o módulo especificado.), C:/Program Files (x86)/Local/resources/extraResources/lightning-services/php-7.3.5+9/bin/win64/ext\php_php_mysqli.dll.dll (Não foi possível encontrar o módulo especificado.)) in Unknown on line 0
[09-Mar-2021 02:52:23 UTC] PHP Warning:  PHP Startup: Unable to load dynamic library 'php_pdo_mysql.dll' (tried: C:/Program Files (x86)/Local/resources/extraResources/lightning-services/php-7.3.5+9/bin/win64/ext\php_pdo_mysql.dll (Não foi possível encontrar o módulo especificado.), C:/Program Files (x86)/Local/resources/extraResources/lightning-services/php-7.3.5+9/bin/win64/ext\php_php_pdo_mysql.dll.dll (Não foi possível encontrar o módulo especificado.)) in Unknown on line 0
[09-Mar-2021 02:52:23 UTC] PHP Warning:  PHP Startup: Unable to load dynamic library 'php_pdo_mysql.dll' (tried: C:/Program Files (x86)/Local/resources/extraResources/lightning-services/php-7.3.5+9/bin/win64/ext\php_pdo_mysql.dll (Não foi possível encontrar o módulo especificado.), C:/Program Files (x86)/Local/resources/extraResources/lightning-services/php-7.3.5+9/bin/win64/ext\php_php_pdo_mysql.dll.dll (Não foi possível encontrar o módulo especificado.)) in Unknown on line 0
[09-Mar-2021 02:53:21 UTC] PHP Fatal error:  Uncaught Error: Call to undefined function mysql_connect() in C:\Users\juliana\Local Sites\gestor-de-estoquespro\app\public\wp-includes\wp-db.php:1688
Stack trace:
#0 C:\Users\juliana\Local Sites\gestor-de-estoquespro\app\public\wp-includes\wp-db.php(632): wpdb->db_connect()
#1 C:\Users\juliana\Local Sites\gestor-de-estoquespro\app\public\wp-includes\load.php(527): wpdb->__construct('root', 'root', 'local', 'localhost')
#2 C:\Users\juliana\Local Sites\gestor-de-estoquespro\app\public\wp-settings.php(124): require_wp_db()
#3 phar://C:/Program Files (x86)/Local/resources/extraResources/bin/wp-cli/wp-cli.phar/vendor/wp-cli/wp-cli/php/WP_CLI/Runner.php(1237): require('C:\\Users\\julian...')
#4 phar://C:/Program Files (x86)/Local/resources/extraResources/bin/wp-cli/wp-cli.phar/vendor/wp-cli/wp-cli/php/WP_CLI/Runner.php(1158): WP_CLI\Runner->load_wordpress()
#5 phar://C:/Program Files (x86)/Local/resources/extraResources/bin/wp-cli/wp-cli.phar/vendor/wp-cli/wp-cli/php/WP_CLI/Bootstrap/LaunchRunner.php(23): WP_CLI\R in C:\Users\juliana\Local Sites\gestor-de-estoquespro\app\public\wp-includes\wp-db.php on line 1688
[09-Mar-2021 12:26:38 UTC] PHP Warning:  Invalid argument supplied for foreach() in C:\Users\juliana\Local Sites\gestor-de-estoquespro\app\public\wp-content\plugins\wpdatatables\templates\admin\table-settings\add_column_modal.inc.php on line 72
[09-Mar-2021 12:26:38 UTC] PHP Stack trace:
[09-Mar-2021 12:26:38 UTC] PHP   1. {main}() C:\Users\juliana\Local Sites\gestor-de-estoquespro\app\public\wp-admin\admin.php:0
[09-Mar-2021 12:26:38 UTC] PHP   2. do_action() C:\Users\juliana\Local Sites\gestor-de-estoquespro\app\public\wp-admin\admin.php:259
[09-Mar-2021 12:26:38 UTC] PHP   3. WP_Hook->do_action() C:\Users\juliana\Local Sites\gestor-de-estoquespro\app\public\wp-includes\plugin.php:484
[09-Mar-2021 12:26:38 UTC] PHP   4. WP_Hook->apply_filters() C:\Users\juliana\Local Sites\gestor-de-estoquespro\app\public\wp-includes\class-wp-hook.php:311
[09-Mar-2021 12:26:38 UTC] PHP   5. wdtConstructor() C:\Users\juliana\Local Sites\gestor-de-estoquespro\app\public\wp-includes\class-wp-hook.php:287
[09-Mar-2021 12:26:38 UTC] PHP   6. wdtEdit() C:\Users\juliana\Local Sites\gestor-de-estoquespro\app\public\wp-content\plugins\wpdatatables\controllers\wdt_admin.php:407
[09-Mar-2021 12:26:38 UTC] PHP   7. include() C:\Users\juliana\Local Sites\gestor-de-estoquespro\app\public\wp-content\plugins\wpdatatables\controllers\wdt_admin.php:390
[09-Mar-2021 12:26:38 UTC] PHP   8. include() C:\Users\juliana\Local Sites\gestor-de-estoquespro\app\public\wp-content\plugins\wpdatatables\templates\admin\table-settings\edit_table.inc.php:54
[09-Mar-2021 12:26:38 UTC] PHP Warning:  Invalid argument supplied for foreach() in C:\Users\juliana\Local Sites\gestor-de-estoquespro\app\public\wp-content\plugins\wpdatatables\templates\admin\table-settings\remove_column_modal.inc.php on line 40
[09-Mar-2021 12:26:38 UTC] PHP Stack trace:
[09-Mar-2021 12:26:38 UTC] PHP   1. {main}() C:\Users\juliana\Local Sites\gestor-de-estoquespro\app\public\wp-admin\admin.php:0
[09-Mar-2021 12:26:38 UTC] PHP   2. do_action() C:\Users\juliana\Local Sites\gestor-de-estoquespro\app\public\wp-admin\admin.php:259
[09-Mar-2021 12:26:38 UTC] PHP   3. WP_Hook->do_action() C:\Users\juliana\Local Sites\gestor-de-estoquespro\app\public\wp-includes\plugin.php:484
[09-Mar-2021 12:26:38 UTC] PHP   4. WP_Hook->apply_filters() C:\Users\juliana\Local Sites\gestor-de-estoquespro\app\public\wp-includes\class-wp-hook.php:311
[09-Mar-2021 12:26:38 UTC] PHP   5. wdtConstructor() C:\Users\juliana\Local Sites\gestor-de-estoquespro\app\public\wp-includes\class-wp-hook.php:287
[09-Mar-2021 12:26:38 UTC] PHP   6. wdtEdit() C:\Users\juliana\Local Sites\gestor-de-estoquespro\app\public\wp-content\plugins\wpdatatables\controllers\wdt_admin.php:407
[09-Mar-2021 12:26:38 UTC] PHP   7. include() C:\Users\juliana\Local Sites\gestor-de-estoquespro\app\public\wp-content\plugins\wpdatatables\controllers\wdt_admin.php:390
[09-Mar-2021 12:26:38 UTC] PHP   8. include() C:\Users\juliana\Local Sites\gestor-de-estoquespro\app\public\wp-content\plugins\wpdatatables\templates\admin\table-settings\edit_table.inc.php:58
[09-Mar-2021 12:41:05 UTC] PHP Warning:  Invalid argument supplied for foreach() in C:\Users\juliana\Local Sites\gestor-de-estoquespro\app\public\wp-content\plugins\wpdatatables\templates\admin\table-settings\add_column_modal.inc.php on line 72
[09-Mar-2021 12:41:05 UTC] PHP Stack trace:
[09-Mar-2021 12:41:05 UTC] PHP   1. {main}() C:\Users\juliana\Local Sites\gestor-de-estoquespro\app\public\wp-admin\admin.php:0
[09-Mar-2021 12:41:05 UTC] PHP   2. do_action() C:\Users\juliana\Local Sites\gestor-de-estoquespro\app\public\wp-admin\admin.php:259
[09-Mar-2021 12:41:05 UTC] PHP   3. WP_Hook->do_action() C:\Users\juliana\Local Sites\gestor-de-estoquespro\app\public\wp-includes\plugin.php:484
[09-Mar-2021 12:41:05 UTC] PHP   4. WP_Hook->apply_filters() C:\Users\juliana\Local Sites\gestor-de-estoquespro\app\public\wp-includes\class-wp-hook.php:311
[09-Mar-2021 12:41:05 UTC] PHP   5. wdtConstructor() C:\Users\juliana\Local Sites\gestor-de-estoquespro\app\public\wp-includes\class-wp-hook.php:287
[09-Mar-2021 12:41:05 UTC] PHP   6. wdtEdit() C:\Users\juliana\Local Sites\gestor-de-estoquespro\app\public\wp-content\plugins\wpdatatables\controllers\wdt_admin.php:407
[09-Mar-2021 12:41:05 UTC] PHP   7. include() C:\Users\juliana\Local Sites\gestor-de-estoquespro\app\public\wp-content\plugins\wpdatatables\controllers\wdt_admin.php:390
[09-Mar-2021 12:41:05 UTC] PHP   8. include() C:\Users\juliana\Local Sites\gestor-de-estoquespro\app\public\wp-content\plugins\wpdatatables\templates\admin\table-settings\edit_table.inc.php:54
[09-Mar-2021 12:41:05 UTC] PHP Warning:  Invalid argument supplied for foreach() in C:\Users\juliana\Local Sites\gestor-de-estoquespro\app\public\wp-content\plugins\wpdatatables\templates\admin\table-settings\remove_column_modal.inc.php on line 40
[09-Mar-2021 12:41:05 UTC] PHP Stack trace:
[09-Mar-2021 12:41:05 UTC] PHP   1. {main}() C:\Users\juliana\Local Sites\gestor-de-estoquespro\app\public\wp-admin\admin.php:0
[09-Mar-2021 12:41:06 UTC] PHP   2. do_action() C:\Users\juliana\Local Sites\gestor-de-estoquespro\app\public\wp-admin\admin.php:259
[09-Mar-2021 12:41:06 UTC] PHP   3. WP_Hook->do_action() C:\Users\juliana\Local Sites\gestor-de-estoquespro\app\public\wp-includes\plugin.php:484
[09-Mar-2021 12:41:06 UTC] PHP   4. WP_Hook->apply_filters() C:\Users\juliana\Local Sites\gestor-de-estoquespro\app\public\wp-includes\class-wp-hook.php:311
[09-Mar-2021 12:41:06 UTC] PHP   5. wdtConstructor() C:\Users\juliana\Local Sites\gestor-de-estoquespro\app\public\wp-includes\class-wp-hook.php:287
[09-Mar-2021 12:41:06 UTC] PHP   6. wdtEdit() C:\Users\juliana\Local Sites\gestor-de-estoquespro\app\public\wp-content\plugins\wpdatatables\controllers\wdt_admin.php:407
[09-Mar-2021 12:41:06 UTC] PHP   7. include() C:\Users\juliana\Local Sites\gestor-de-estoquespro\app\public\wp-content\plugins\wpdatatables\controllers\wdt_admin.php:390
[09-Mar-2021 12:41:06 UTC] PHP   8. include() C:\Users\juliana\Local Sites\gestor-de-estoquespro\app\public\wp-content\plugins\wpdatatables\templates\admin\table-settings\edit_table.inc.php:58
[09-Mar-2021 12:44:38 UTC] PHP Warning:  Invalid argument supplied for foreach() in C:\Users\juliana\Local Sites\gestor-de-estoquespro\app\public\wp-content\plugins\wpdatatables\templates\admin\table-settings\add_column_modal.inc.php on line 72
[09-Mar-2021 12:44:38 UTC] PHP Stack trace:
[09-Mar-2021 12:44:38 UTC] PHP   1. {main}() C:\Users\juliana\Local Sites\gestor-de-estoquespro\app\public\wp-admin\admin.php:0
[09-Mar-2021 12:44:38 UTC] PHP   2. do_action() C:\Users\juliana\Local Sites\gestor-de-estoquespro\app\public\wp-admin\admin.php:259
[09-Mar-2021 12:44:38 UTC] PHP   3. WP_Hook->do_action() C:\Users\juliana\Local Sites\gestor-de-estoquespro\app\public\wp-includes\plugin.php:484
[09-Mar-2021 12:44:38 UTC] PHP   4. WP_Hook->apply_filters() C:\Users\juliana\Local Sites\gestor-de-estoquespro\app\public\wp-includes\class-wp-hook.php:311
[09-Mar-2021 12:44:38 UTC] PHP   5. wdtConstructor() C:\Users\juliana\Local Sites\gestor-de-estoquespro\app\public\wp-includes\class-wp-hook.php:287
[09-Mar-2021 12:44:38 UTC] PHP   6. wdtEdit() C:\Users\juliana\Local Sites\gestor-de-estoquespro\app\public\wp-content\plugins\wpdatatables\controllers\wdt_admin.php:407
[09-Mar-2021 12:44:38 UTC] PHP   7. include() C:\Users\juliana\Local Sites\gestor-de-estoquespro\app\public\wp-content\plugins\wpdatatables\controllers\wdt_admin.php:390
[09-Mar-2021 12:44:38 UTC] PHP   8. include() C:\Users\juliana\Local Sites\gestor-de-estoquespro\app\public\wp-content\plugins\wpdatatables\templates\admin\table-settings\edit_table.inc.php:54
[09-Mar-2021 12:44:38 UTC] PHP Warning:  Invalid argument supplied for foreach() in C:\Users\juliana\Local Sites\gestor-de-estoquespro\app\public\wp-content\plugins\wpdatatables\templates\admin\table-settings\remove_column_modal.inc.php on line 40
[09-Mar-2021 12:44:38 UTC] PHP Stack trace:
[09-Mar-2021 12:44:38 UTC] PHP   1. {main}() C:\Users\juliana\Local Sites\gestor-de-estoquespro\app\public\wp-admin\admin.php:0
[09-Mar-2021 12:44:39 UTC] PHP   2. do_action() C:\Users\juliana\Local Sites\gestor-de-estoquespro\app\public\wp-admin\admin.php:259
[09-Mar-2021 12:44:39 UTC] PHP   3. WP_Hook->do_action() C:\Users\juliana\Local Sites\gestor-de-estoquespro\app\public\wp-includes\plugin.php:484
[09-Mar-2021 12:44:39 UTC] PHP   4. WP_Hook->apply_filters() C:\Users\juliana\Local Sites\gestor-de-estoquespro\app\public\wp-includes\class-wp-hook.php:311
[09-Mar-2021 12:44:39 UTC] PHP   5. wdtConstructor() C:\Users\juliana\Local Sites\gestor-de-estoquespro\app\public\wp-includes\class-wp-hook.php:287
[09-Mar-2021 12:44:39 UTC] PHP   6. wdtEdit() C:\Users\juliana\Local Sites\gestor-de-estoquespro\app\public\wp-content\plugins\wpdatatables\controllers\wdt_admin.php:407
[09-Mar-2021 12:44:39 UTC] PHP   7. include() C:\Users\juliana\Local Sites\gestor-de-estoquespro\app\public\wp-content\plugins\wpdatatables\controllers\wdt_admin.php:390
[09-Mar-2021 12:44:39 UTC] PHP   8. include() C:\Users\juliana\Local Sites\gestor-de-estoquespro\app\public\wp-content\plugins\wpdatatables\templates\admin\table-settings\edit_table.inc.php:58
[09-Mar-2021 12:49:14 UTC] PHP Warning:  Invalid argument supplied for foreach() in C:\Users\juliana\Local Sites\gestor-de-estoquespro\app\public\wp-content\plugins\wpdatatables\templates\admin\table-settings\add_column_modal.inc.php on line 72
[09-Mar-2021 12:49:14 UTC] PHP Stack trace:
[09-Mar-2021 12:49:14 UTC] PHP   1. {main}() C:\Users\juliana\Local Sites\gestor-de-estoquespro\app\public\wp-admin\admin.php:0
[09-Mar-2021 12:49:14 UTC] PHP   2. do_action() C:\Users\juliana\Local Sites\gestor-de-estoquespro\app\public\wp-admin\admin.php:259
[09-Mar-2021 12:49:14 UTC] PHP   3. WP_Hook->do_action() C:\Users\juliana\Local Sites\gestor-de-estoquespro\app\public\wp-includes\plugin.php:484
[09-Mar-2021 12:49:14 UTC] PHP   4. WP_Hook->apply_filters() C:\Users\juliana\Local Sites\gestor-de-estoquespro\app\public\wp-includes\class-wp-hook.php:311
[09-Mar-2021 12:49:14 UTC] PHP   5. wdtConstructor() C:\Users\juliana\Local Sites\gestor-de-estoquespro\app\public\wp-includes\class-wp-hook.php:287
[09-Mar-2021 12:49:14 UTC] PHP   6. wdtEdit() C:\Users\juliana\Local Sites\gestor-de-estoquespro\app\public\wp-content\plugins\wpdatatables\controllers\wdt_admin.php:407
[09-Mar-2021 12:49:14 UTC] PHP   7. include() C:\Users\juliana\Local Sites\gestor-de-estoquespro\app\public\wp-content\plugins\wpdatatables\controllers\wdt_admin.php:390
[09-Mar-2021 12:49:14 UTC] PHP   8. include() C:\Users\juliana\Local Sites\gestor-de-estoquespro\app\public\wp-content\plugins\wpdatatables\templates\admin\table-settings\edit_table.inc.php:54
[09-Mar-2021 12:49:14 UTC] PHP Warning:  Invalid argument supplied for foreach() in C:\Users\juliana\Local Sites\gestor-de-estoquespro\app\public\wp-content\plugins\wpdatatables\templates\admin\table-settings\remove_column_modal.inc.php on line 40
[09-Mar-2021 12:49:14 UTC] PHP Stack trace:
[09-Mar-2021 12:49:14 UTC] PHP   1. {main}() C:\Users\juliana\Local Sites\gestor-de-estoquespro\app\public\wp-admin\admin.php:0
[09-Mar-2021 12:49:14 UTC] PHP   2. do_action() C:\Users\juliana\Local Sites\gestor-de-estoquespro\app\public\wp-admin\admin.php:259
[09-Mar-2021 12:49:14 UTC] PHP   3. WP_Hook->do_action() C:\Users\juliana\Local Sites\gestor-de-estoquespro\app\public\wp-includes\plugin.php:484
[09-Mar-2021 12:49:14 UTC] PHP   4. WP_Hook->apply_filters() C:\Users\juliana\Local Sites\gestor-de-estoquespro\app\public\wp-includes\class-wp-hook.php:311
[09-Mar-2021 12:49:15 UTC] PHP   5. wdtConstructor() C:\Users\juliana\Local Sites\gestor-de-estoquespro\app\public\wp-includes\class-wp-hook.php:287
[09-Mar-2021 12:49:15 UTC] PHP   6. wdtEdit() C:\Users\juliana\Local Sites\gestor-de-estoquespro\app\public\wp-content\plugins\wpdatatables\controllers\wdt_admin.php:407
[09-Mar-2021 12:49:15 UTC] PHP   7. include() C:\Users\juliana\Local Sites\gestor-de-estoquespro\app\public\wp-content\plugins\wpdatatables\controllers\wdt_admin.php:390
[09-Mar-2021 12:49:15 UTC] PHP   8. include() C:\Users\juliana\Local Sites\gestor-de-estoquespro\app\public\wp-content\plugins\wpdatatables\templates\admin\table-settings\edit_table.inc.php:58
[09-Mar-2021 12:59:26 UTC] PHP Warning:  Invalid argument supplied for foreach() in C:\Users\juliana\Local Sites\gestor-de-estoquespro\app\public\wp-content\plugins\wpdatatables\templates\admin\table-settings\add_column_modal.inc.php on line 72
[09-Mar-2021 12:59:26 UTC] PHP Stack trace:
[09-Mar-2021 12:59:26 UTC] PHP   1. {main}() C:\Users\juliana\Local Sites\gestor-de-estoquespro\app\public\wp-admin\admin.php:0
[09-Mar-2021 12:59:26 UTC] PHP   2. do_action() C:\Users\juliana\Local Sites\gestor-de-estoquespro\app\public\wp-admin\admin.php:259
[09-Mar-2021 12:59:26 UTC] PHP   3. WP_Hook->do_action() C:\Users\juliana\Local Sites\gestor-de-estoquespro\app\public\wp-includes\plugin.php:484
[09-Mar-2021 12:59:26 UTC] PHP   4. WP_Hook->apply_filters() C:\Users\juliana\Local Sites\gestor-de-estoquespro\app\public\wp-includes\class-wp-hook.php:311
[09-Mar-2021 12:59:26 UTC] PHP   5. wdtConstructor() C:\Users\juliana\Local Sites\gestor-de-estoquespro\app\public\wp-includes\class-wp-hook.php:287
[09-Mar-2021 12:59:26 UTC] PHP   6. wdtEdit() C:\Users\juliana\Local Sites\gestor-de-estoquespro\app\public\wp-content\plugins\wpdatatables\controllers\wdt_admin.php:407
[09-Mar-2021 12:59:26 UTC] PHP   7. include() C:\Users\juliana\Local Sites\gestor-de-estoquespro\app\public\wp-content\plugins\wpdatatables\controllers\wdt_admin.php:390
[09-Mar-2021 12:59:26 UTC] PHP   8. include() C:\Users\juliana\Local Sites\gestor-de-estoquespro\app\public\wp-content\plugins\wpdatatables\templates\admin\table-settings\edit_table.inc.php:54
[09-Mar-2021 12:59:26 UTC] PHP Warning:  Invalid argument supplied for foreach() in C:\Users\juliana\Local Sites\gestor-de-estoquespro\app\public\wp-content\plugins\wpdatatables\templates\admin\table-settings\remove_column_modal.inc.php on line 40
[09-Mar-2021 12:59:26 UTC] PHP Stack trace:
[09-Mar-2021 12:59:26 UTC] PHP   1. {main}() C:\Users\juliana\Local Sites\gestor-de-estoquespro\app\public\wp-admin\admin.php:0
[09-Mar-2021 12:59:26 UTC] PHP   2. do_action() C:\Users\juliana\Local Sites\gestor-de-estoquespro\app\public\wp-admin\admin.php:259
[09-Mar-2021 12:59:26 UTC] PHP   3. WP_Hook->do_action() C:\Users\juliana\Local Sites\gestor-de-estoquespro\app\public\wp-includes\plugin.php:484
[09-Mar-2021 12:59:26 UTC] PHP   4. WP_Hook->apply_filters() C:\Users\juliana\Local Sites\gestor-de-estoquespro\app\public\wp-includes\class-wp-hook.php:311
[09-Mar-2021 12:59:26 UTC] PHP   5. wdtConstructor() C:\Users\juliana\Local Sites\gestor-de-estoquespro\app\public\wp-includes\class-wp-hook.php:287
[09-Mar-2021 12:59:26 UTC] PHP   6. wdtEdit() C:\Users\juliana\Local Sites\gestor-de-estoquespro\app\public\wp-content\plugins\wpdatatables\controllers\wdt_admin.php:407
[09-Mar-2021 12:59:26 UTC] PHP   7. include() C:\Users\juliana\Local Sites\gestor-de-estoquespro\app\public\wp-content\plugins\wpdatatables\controllers\wdt_admin.php:390
[09-Mar-2021 12:59:26 UTC] PHP   8. include() C:\Users\juliana\Local Sites\gestor-de-estoquespro\app\public\wp-content\plugins\wpdatatables\templates\admin\table-settings\edit_table.inc.php:58
[09-Mar-2021 13:12:29 UTC] PHP Warning:  An unexpected error occurred. Something may be wrong with WordPress.org or this server&#8217;s configuration. If you continue to have problems, please try the <a href="https://wordpress.org/support/forums/">support forums</a>. (WordPress could not establish a secure connection to WordPress.org. Please contact your server administrator.) in C:\Users\juliana\Local Sites\gestor-de-estoquespro\app\public\wp-includes\update.php on line 612
[09-Mar-2021 13:12:29 UTC] PHP Stack trace:
[09-Mar-2021 13:12:29 UTC] PHP   1. {main}() C:\Users\juliana\Local Sites\gestor-de-estoquespro\app\public\wp-admin\update.php:0
[09-Mar-2021 13:12:29 UTC] PHP   2. Plugin_Upgrader->install() C:\Users\juliana\Local Sites\gestor-de-estoquespro\app\public\wp-admin\update.php:171
[09-Mar-2021 13:12:29 UTC] PHP   3. Plugin_Upgrader->run() C:\Users\juliana\Local Sites\gestor-de-estoquespro\app\public\wp-admin\includes\class-plugin-upgrader.php:137
[09-Mar-2021 13:12:29 UTC] PHP   4. do_action() C:\Users\juliana\Local Sites\gestor-de-estoquespro\app\public\wp-admin\includes\class-wp-upgrader.php:847
[09-Mar-2021 13:12:29 UTC] PHP   5. WP_Hook->do_action() C:\Users\juliana\Local Sites\gestor-de-estoquespro\app\public\wp-includes\plugin.php:484
[09-Mar-2021 13:12:29 UTC] PHP   6. WP_Hook->apply_filters() C:\Users\juliana\Local Sites\gestor-de-estoquespro\app\public\wp-includes\class-wp-hook.php:311
[09-Mar-2021 13:12:29 UTC] PHP   7. wp_update_themes() C:\Users\juliana\Local Sites\gestor-de-estoquespro\app\public\wp-includes\class-wp-hook.php:285
[09-Mar-2021 13:12:29 UTC] PHP   8. trigger_error() C:\Users\juliana\Local Sites\gestor-de-estoquespro\app\public\wp-includes\update.php:612
